<?xml version="1.0" encoding="UTF-8"?>
<testsuite xmlns:xsi="http://www.w3.org/2001/XMLSchema-instance" xsi:noNamespaceSchemaLocation="https://maven.apache.org/surefire/maven-surefire-plugin/xsd/surefire-test-report-3.0.xsd" version="3.0" name="BlogPostAssignment.db.BlogPostDaoTest" time="0.296" tests="7" errors="0" skipped="0" failures="0">
  <properties>
    <property name="java.specification.version" value="17"/>
    <property name="sun.jnu.encoding" value="UTF-8"/>
    <property name="java.class.path" value="/Users/hitaishidesai/BlogPostAssignmentWeek4New/BlogPostAssignment/target/test-classes:/Users/hitaishidesai/BlogPostAssignmentWeek4New/BlogPostAssignment/target/classes:/Users/hitaishidesai/.m2/repository/io/dropwizard/dropwizard-core/4.0.0/dropwizard-core-4.0.0.jar:/Users/hitaishidesai/.m2/repository/io/dropwizard/dropwizard-util/4.0.0/dropwizard-util-4.0.0.jar:/Users/hitaishidesai/.m2/repository/io/dropwizard/dropwizard-jackson/4.0.0/dropwizard-jackson-4.0.0.jar:/Users/hitaishidesai/.m2/repository/com/fasterxml/jackson/core/jackson-core/2.14.2/jackson-core-2.14.2.jar:/Users/hitaishidesai/.m2/repository/com/fasterxml/jackson/datatype/jackson-datatype-guava/2.14.2/jackson-datatype-guava-2.14.2.jar:/Users/hitaishidesai/.m2/repository/com/fasterxml/jackson/datatype/jackson-datatype-jsr310/2.14.2/jackson-datatype-jsr310-2.14.2.jar:/Users/hitaishidesai/.m2/repository/com/fasterxml/jackson/datatype/jackson-datatype-jdk8/2.14.2/jackson-datatype-jdk8-2.14.2.jar:/Users/hitaishidesai/.m2/repository/com/fasterxml/jackson/module/jackson-module-parameter-names/2.14.2/jackson-module-parameter-names-2.14.2.jar:/Users/hitaishidesai/.m2/repository/com/fasterxml/jackson/module/jackson-module-blackbird/2.14.2/jackson-module-blackbird-2.14.2.jar:/Users/hitaishidesai/.m2/repository/io/dropwizard/dropwizard-validation/4.0.0/dropwizard-validation-4.0.0.jar:/Users/hitaishidesai/.m2/repository/org/glassfish/jakarta.el/4.0.2/jakarta.el-4.0.2.jar:/Users/hitaishidesai/.m2/repository/jakarta/el/jakarta.el-api/4.0.0/jakarta.el-api-4.0.0.jar:/Users/hitaishidesai/.m2/repository/io/dropwizard/dropwizard-configuration/4.0.0/dropwizard-configuration-4.0.0.jar:/Users/hitaishidesai/.m2/repository/com/fasterxml/jackson/dataformat/jackson-dataformat-yaml/2.14.2/jackson-dataformat-yaml-2.14.2.jar:/Users/hitaishidesai/.m2/repository/org/yaml/snakeyaml/1.33/snakeyaml-1.33.jar:/Users/hitaishidesai/.m2/repository/org/apache/commons/commons-text/1.10.0/commons-text-1.10.0.jar:/Users/hitaishidesai/.m2/repository/org/apache/commons/commons-lang3/3.12.0/commons-lang3-3.12.0.jar:/Users/hitaishidesai/.m2/repository/io/dropwizard/dropwizard-logging/4.0.0/dropwizard-logging-4.0.0.jar:/Users/hitaishidesai/.m2/repository/io/dropwizard/metrics/metrics-logback/4.2.18/metrics-logback-4.2.18.jar:/Users/hitaishidesai/.m2/repository/org/slf4j/jul-to-slf4j/2.0.7/jul-to-slf4j-2.0.7.jar:/Users/hitaishidesai/.m2/repository/ch/qos/logback/logback-core/1.4.6/logback-core-1.4.6.jar:/Users/hitaishidesai/.m2/repository/com/google/errorprone/error_prone_annotations/2.18.0/error_prone_annotations-2.18.0.jar:/Users/hitaishidesai/.m2/repository/io/dropwizard/logback/logback-throttling-appender/1.1.9/logback-throttling-appender-1.1.9.jar:/Users/hitaishidesai/.m2/repository/org/slf4j/log4j-over-slf4j/2.0.7/log4j-over-slf4j-2.0.7.jar:/Users/hitaishidesai/.m2/repository/org/slf4j/jcl-over-slf4j/2.0.7/jcl-over-slf4j-2.0.7.jar:/Users/hitaishidesai/.m2/repository/io/dropwizard/dropwizard-metrics/4.0.0/dropwizard-metrics-4.0.0.jar:/Users/hitaishidesai/.m2/repository/io/dropwizard/dropwizard-jersey/4.0.0/dropwizard-jersey-4.0.0.jar:/Users/hitaishidesai/.m2/repository/org/glassfish/jersey/ext/jersey-metainf-services/3.0.9/jersey-metainf-services-3.0.9.jar:/Users/hitaishidesai/.m2/repository/org/glassfish/jersey/inject/jersey-hk2/3.0.9/jersey-hk2-3.0.9.jar:/Users/hitaishidesai/.m2/repository/org/glassfish/hk2/hk2-locator/3.0.3/hk2-locator-3.0.3.jar:/Users/hitaishidesai/.m2/repository/org/javassist/javassist/3.29.2-GA/javassist-3.29.2-GA.jar:/Users/hitaishidesai/.m2/repository/io/dropwizard/metrics/metrics-jersey3/4.2.18/metrics-jersey3-4.2.18.jar:/Users/hitaishidesai/.m2/repository/com/fasterxml/jackson/jakarta/rs/jackson-jakarta-rs-json-provider/2.14.2/jackson-jakarta-rs-json-provider-2.14.2.jar:/Users/hitaishidesai/.m2/repository/com/fasterxml/jackson/jakarta/rs/jackson-jakarta-rs-base/2.14.2/jackson-jakarta-rs-base-2.14.2.jar:/Users/hitaishidesai/.m2/repository/com/fasterxml/jackson/module/jackson-module-jakarta-xmlbind-annotations/2.14.2/jackson-module-jakarta-xmlbind-annotations-2.14.2.jar:/Users/hitaishidesai/.m2/repository/jakarta/xml/bind/jakarta.xml.bind-api/3.0.1/jakarta.xml.bind-api-3.0.1.jar:/Users/hitaishidesai/.m2/repository/com/sun/activation/jakarta.activation/2.0.1/jakarta.activation-2.0.1.jar:/Users/hitaishidesai/.m2/repository/jakarta/activation/jakarta.activation-api/2.0.1/jakarta.activation-api-2.0.1.jar:/Users/hitaishidesai/.m2/repository/org/glassfish/hk2/hk2-api/3.0.3/hk2-api-3.0.3.jar:/Users/hitaishidesai/.m2/repository/org/glassfish/hk2/hk2-utils/3.0.3/hk2-utils-3.0.3.jar:/Users/hitaishidesai/.m2/repository/org/glassfish/hk2/external/aopalliance-repackaged/3.0.3/aopalliance-repackaged-3.0.3.jar:/Users/hitaishidesai/.m2/repository/org/glassfish/jersey/containers/jersey-container-servlet/3.0.9/jersey-container-servlet-3.0.9.jar:/Users/hitaishidesai/.m2/repository/org/glassfish/jersey/core/jersey-client/3.0.9/jersey-client-3.0.9.jar:/Users/hitaishidesai/.m2/repository/org/eclipse/jetty/jetty-io/11.0.14/jetty-io-11.0.14.jar:/Users/hitaishidesai/.m2/repository/io/dropwizard/dropwizard-servlets/4.0.0/dropwizard-servlets-4.0.0.jar:/Users/hitaishidesai/.m2/repository/io/dropwizard/dropwizard-jetty/4.0.0/dropwizard-jetty-4.0.0.jar:/Users/hitaishidesai/.m2/repository/org/eclipse/jetty/jetty-servlets/11.0.14/jetty-servlets-11.0.14.jar:/Users/hitaishidesai/.m2/repository/org/eclipse/jetty/jetty-http/11.0.14/jetty-http-11.0.14.jar:/Users/hitaishidesai/.m2/repository/io/dropwizard/dropwizard-lifecycle/4.0.0/dropwizard-lifecycle-4.0.0.jar:/Users/hitaishidesai/.m2/repository/io/dropwizard/dropwizard-health/4.0.0/dropwizard-health-4.0.0.jar:/Users/hitaishidesai/.m2/repository/io/dropwizard/metrics/metrics-core/4.2.18/metrics-core-4.2.18.jar:/Users/hitaishidesai/.m2/repository/io/dropwizard/metrics/metrics-annotation/4.2.18/metrics-annotation-4.2.18.jar:/Users/hitaishidesai/.m2/repository/io/dropwizard/metrics/metrics-jetty11/4.2.18/metrics-jetty11-4.2.18.jar:/Users/hitaishidesai/.m2/repository/io/dropwizard/metrics/metrics-jvm/4.2.18/metrics-jvm-4.2.18.jar:/Users/hitaishidesai/.m2/repository/io/dropwizard/metrics/metrics-jmx/4.2.18/metrics-jmx-4.2.18.jar:/Users/hitaishidesai/.m2/repository/io/dropwizard/metrics/metrics-jakarta-servlets/4.2.18/metrics-jakarta-servlets-4.2.18.jar:/Users/hitaishidesai/.m2/repository/io/dropwizard/metrics/metrics-json/4.2.18/metrics-json-4.2.18.jar:/Users/hitaishidesai/.m2/repository/com/helger/profiler/1.1.1/profiler-1.1.1.jar:/Users/hitaishidesai/.m2/repository/io/dropwizard/metrics/metrics-healthchecks/4.2.18/metrics-healthchecks-4.2.18.jar:/Users/hitaishidesai/.m2/repository/io/dropwizard/dropwizard-request-logging/4.0.0/dropwizard-request-logging-4.0.0.jar:/Users/hitaishidesai/.m2/repository/ch/qos/logback/logback-access/1.4.6/logback-access-1.4.6.jar:/Users/hitaishidesai/.m2/repository/ch/qos/logback/logback-classic/1.4.6/logback-classic-1.4.6.jar:/Users/hitaishidesai/.m2/repository/com/fasterxml/jackson/core/jackson-databind/2.14.2/jackson-databind-2.14.2.jar:/Users/hitaishidesai/.m2/repository/org/checkerframework/checker-qual/3.32.0/checker-qual-3.32.0.jar:/Users/hitaishidesai/.m2/repository/jakarta/servlet/jakarta.servlet-api/5.0.0/jakarta.servlet-api-5.0.0.jar:/Users/hitaishidesai/.m2/repository/jakarta/ws/rs/jakarta.ws.rs-api/3.0.0/jakarta.ws.rs-api-3.0.0.jar:/Users/hitaishidesai/.m2/repository/net/sourceforge/argparse4j/argparse4j/0.9.0/argparse4j-0.9.0.jar:/Users/hitaishidesai/.m2/repository/org/eclipse/jetty/jetty-security/11.0.14/jetty-security-11.0.14.jar:/Users/hitaishidesai/.m2/repository/org/eclipse/jetty/jetty-server/11.0.14/jetty-server-11.0.14.jar:/Users/hitaishidesai/.m2/repository/org/eclipse/jetty/jetty-servlet/11.0.14/jetty-servlet-11.0.14.jar:/Users/hitaishidesai/.m2/repository/org/eclipse/jetty/jetty-util/11.0.14/jetty-util-11.0.14.jar:/Users/hitaishidesai/.m2/repository/org/eclipse/jetty/toolchain/setuid/jetty-setuid-java/1.0.4/jetty-setuid-java-1.0.4.jar:/Users/hitaishidesai/.m2/repository/jakarta/inject/jakarta.inject-api/2.0.1.MR/jakarta.inject-api-2.0.1.MR.jar:/Users/hitaishidesai/.m2/repository/org/glassfish/jersey/core/jersey-common/3.0.9/jersey-common-3.0.9.jar:/Users/hitaishidesai/.m2/repository/org/glassfish/hk2/osgi-resource-locator/1.0.3/osgi-resource-locator-1.0.3.jar:/Users/hitaishidesai/.m2/repository/org/glassfish/jersey/ext/jersey-bean-validation/3.0.9/jersey-bean-validation-3.0.9.jar:/Users/hitaishidesai/.m2/repository/org/slf4j/slf4j-api/2.0.7/slf4j-api-2.0.7.jar:/Users/hitaishidesai/.m2/repository/com/fasterxml/jackson/core/jackson-annotations/2.14.2/jackson-annotations-2.14.2.jar:/Users/hitaishidesai/.m2/repository/jakarta/validation/jakarta.validation-api/3.0.2/jakarta.validation-api-3.0.2.jar:/Users/hitaishidesai/.m2/repository/org/hibernate/validator/hibernate-validator/7.0.5.Final/hibernate-validator-7.0.5.Final.jar:/Users/hitaishidesai/.m2/repository/org/jboss/logging/jboss-logging/3.5.0.Final/jboss-logging-3.5.0.Final.jar:/Users/hitaishidesai/.m2/repository/com/fasterxml/classmate/1.5.1/classmate-1.5.1.jar:/Users/hitaishidesai/.m2/repository/io/dropwizard/dropwizard-jdbi3/4.0.1/dropwizard-jdbi3-4.0.1.jar:/Users/hitaishidesai/.m2/repository/io/dropwizard/dropwizard-db/4.0.0/dropwizard-db-4.0.0.jar:/Users/hitaishidesai/.m2/repository/org/apache/tomcat/tomcat-jdbc/10.1.7/tomcat-jdbc-10.1.7.jar:/Users/hitaishidesai/.m2/repository/org/apache/tomcat/tomcat-juli/10.1.7/tomcat-juli-10.1.7.jar:/Users/hitaishidesai/.m2/repository/org/jdbi/jdbi3-core/3.37.1/jdbi3-core-3.37.1.jar:/Users/hitaishidesai/.m2/repository/io/leangen/geantyref/geantyref/1.3.14/geantyref-1.3.14.jar:/Users/hitaishidesai/.m2/repository/org/jdbi/jdbi3-sqlobject/3.37.1/jdbi3-sqlobject-3.37.1.jar:/Users/hitaishidesai/.m2/repository/org/jdbi/jdbi3-guava/3.37.1/jdbi3-guava-3.37.1.jar:/Users/hitaishidesai/.m2/repository/io/dropwizard/metrics/metrics-jdbi3/4.2.18/metrics-jdbi3-4.2.18.jar:/Users/hitaishidesai/.m2/repository/mysql/mysql-connector-java/8.0.28/mysql-connector-java-8.0.28.jar:/Users/hitaishidesai/.m2/repository/com/google/protobuf/protobuf-java/3.11.4/protobuf-java-3.11.4.jar:/Users/hitaishidesai/.m2/repository/io/github/openfeign/feign-core/12.4/feign-core-12.4.jar:/Users/hitaishidesai/.m2/repository/io/github/openfeign/feign-gson/12.4/feign-gson-12.4.jar:/Users/hitaishidesai/.m2/repository/com/google/code/gson/gson/2.10.1/gson-2.10.1.jar:/Users/hitaishidesai/.m2/repository/io/github/openfeign/feign-okhttp/12.4/feign-okhttp-12.4.jar:/Users/hitaishidesai/.m2/repository/com/squareup/okhttp3/okhttp/4.11.0/okhttp-4.11.0.jar:/Users/hitaishidesai/.m2/repository/com/squareup/okio/okio/3.2.0/okio-3.2.0.jar:/Users/hitaishidesai/.m2/repository/com/squareup/okio/okio-jvm/3.2.0/okio-jvm-3.2.0.jar:/Users/hitaishidesai/.m2/repository/org/jetbrains/kotlin/kotlin-stdlib/1.6.20/kotlin-stdlib-1.6.20.jar:/Users/hitaishidesai/.m2/repository/org/jetbrains/kotlin/kotlin-stdlib-common/1.6.20/kotlin-stdlib-common-1.6.20.jar:/Users/hitaishidesai/.m2/repository/org/jetbrains/annotations/13.0/annotations-13.0.jar:/Users/hitaishidesai/.m2/repository/org/jetbrains/kotlin/kotlin-stdlib-jdk8/1.6.20/kotlin-stdlib-jdk8-1.6.20.jar:/Users/hitaishidesai/.m2/repository/org/jetbrains/kotlin/kotlin-stdlib-jdk7/1.6.20/kotlin-stdlib-jdk7-1.6.20.jar:/Users/hitaishidesai/.m2/repository/io/dropwizard/dropwizard-auth/4.0.0/dropwizard-auth-4.0.0.jar:/Users/hitaishidesai/.m2/repository/io/dropwizard/metrics/metrics-caffeine/4.2.18/metrics-caffeine-4.2.18.jar:/Users/hitaishidesai/.m2/repository/com/github/ben-manes/caffeine/caffeine/3.1.5/caffeine-3.1.5.jar:/Users/hitaishidesai/.m2/repository/jakarta/annotation/jakarta.annotation-api/2.0.0/jakarta.annotation-api-2.0.0.jar:/Users/hitaishidesai/.m2/repository/org/glassfish/jersey/containers/jersey-container-servlet-core/3.0.9/jersey-container-servlet-core-3.0.9.jar:/Users/hitaishidesai/.m2/repository/org/glassfish/jersey/core/jersey-server/3.0.9/jersey-server-3.0.9.jar:/Users/hitaishidesai/.m2/repository/com/google/inject/guice/7.0.0/guice-7.0.0.jar:/Users/hitaishidesai/.m2/repository/aopalliance/aopalliance/1.0/aopalliance-1.0.jar:/Users/hitaishidesai/.m2/repository/com/google/guava/guava/31.1-jre/guava-31.1-jre.jar:/Users/hitaishidesai/.m2/repository/com/google/guava/failureaccess/1.0.1/failureaccess-1.0.1.jar:/Users/hitaishidesai/.m2/repository/com/google/guava/listenablefuture/9999.0-empty-to-avoid-conflict-with-guava/listenablefuture-9999.0-empty-to-avoid-conflict-with-guava.jar:/Users/hitaishidesai/.m2/repository/com/google/j2objc/j2objc-annotations/1.3/j2objc-annotations-1.3.jar:/Users/hitaishidesai/.m2/repository/com/h2database/h2/2.2.220/h2-2.2.220.jar:/Users/hitaishidesai/.m2/repository/junit/junit/4.13.2/junit-4.13.2.jar:/Users/hitaishidesai/.m2/repository/org/hamcrest/hamcrest-core/1.3/hamcrest-core-1.3.jar:/Users/hitaishidesai/.m2/repository/org/mockito/mockito-core/5.4.0/mockito-core-5.4.0.jar:/Users/hitaishidesai/.m2/repository/net/bytebuddy/byte-buddy/1.14.3/byte-buddy-1.14.3.jar:/Users/hitaishidesai/.m2/repository/net/bytebuddy/byte-buddy-agent/1.14.5/byte-buddy-agent-1.14.5.jar:/Users/hitaishidesai/.m2/repository/org/objenesis/objenesis/3.3/objenesis-3.3.jar:"/>
    <property name="java.vm.vendor" value="Oracle Corporation"/>
    <property name="sun.arch.data.model" value="64"/>
    <property name="java.vendor.url" value="https://java.oracle.com/"/>
    <property name="user.timezone" value="Asia/Kolkata"/>
    <property name="os.name" value="Mac OS X"/>
    <property name="java.vm.specification.version" value="17"/>
    <property name="sun.java.launcher" value="SUN_STANDARD"/>
    <property name="user.country" value="IN"/>
    <property name="sun.boot.library.path" value="/Library/Java/JavaVirtualMachines/jdk-17.jdk/Contents/Home/lib"/>
    <property name="sun.java.command" value="/Users/hitaishidesai/BlogPostAssignmentWeek4New/BlogPostAssignment/target/surefire/surefirebooter-20230809141116770_3.jar /Users/hitaishidesai/BlogPostAssignmentWeek4New/BlogPostAssignment/target/surefire 2023-08-09T14-11-16_687-jvmRun1 surefire-20230809141116770_1tmp surefire_0-20230809141116770_2tmp"/>
    <property name="http.nonProxyHosts" value="local|*.local|169.254/16|*.169.254/16"/>
    <property name="jdk.debug" value="release"/>
    <property name="surefire.test.class.path" value="/Users/hitaishidesai/BlogPostAssignmentWeek4New/BlogPostAssignment/target/test-classes:/Users/hitaishidesai/BlogPostAssignmentWeek4New/BlogPostAssignment/target/classes:/Users/hitaishidesai/.m2/repository/io/dropwizard/dropwizard-core/4.0.0/dropwizard-core-4.0.0.jar:/Users/hitaishidesai/.m2/repository/io/dropwizard/dropwizard-util/4.0.0/dropwizard-util-4.0.0.jar:/Users/hitaishidesai/.m2/repository/io/dropwizard/dropwizard-jackson/4.0.0/dropwizard-jackson-4.0.0.jar:/Users/hitaishidesai/.m2/repository/com/fasterxml/jackson/core/jackson-core/2.14.2/jackson-core-2.14.2.jar:/Users/hitaishidesai/.m2/repository/com/fasterxml/jackson/datatype/jackson-datatype-guava/2.14.2/jackson-datatype-guava-2.14.2.jar:/Users/hitaishidesai/.m2/repository/com/fasterxml/jackson/datatype/jackson-datatype-jsr310/2.14.2/jackson-datatype-jsr310-2.14.2.jar:/Users/hitaishidesai/.m2/repository/com/fasterxml/jackson/datatype/jackson-datatype-jdk8/2.14.2/jackson-datatype-jdk8-2.14.2.jar:/Users/hitaishidesai/.m2/repository/com/fasterxml/jackson/module/jackson-module-parameter-names/2.14.2/jackson-module-parameter-names-2.14.2.jar:/Users/hitaishidesai/.m2/repository/com/fasterxml/jackson/module/jackson-module-blackbird/2.14.2/jackson-module-blackbird-2.14.2.jar:/Users/hitaishidesai/.m2/repository/io/dropwizard/dropwizard-validation/4.0.0/dropwizard-validation-4.0.0.jar:/Users/hitaishidesai/.m2/repository/org/glassfish/jakarta.el/4.0.2/jakarta.el-4.0.2.jar:/Users/hitaishidesai/.m2/repository/jakarta/el/jakarta.el-api/4.0.0/jakarta.el-api-4.0.0.jar:/Users/hitaishidesai/.m2/repository/io/dropwizard/dropwizard-configuration/4.0.0/dropwizard-configuration-4.0.0.jar:/Users/hitaishidesai/.m2/repository/com/fasterxml/jackson/dataformat/jackson-dataformat-yaml/2.14.2/jackson-dataformat-yaml-2.14.2.jar:/Users/hitaishidesai/.m2/repository/org/yaml/snakeyaml/1.33/snakeyaml-1.33.jar:/Users/hitaishidesai/.m2/repository/org/apache/commons/commons-text/1.10.0/commons-text-1.10.0.jar:/Users/hitaishidesai/.m2/repository/org/apache/commons/commons-lang3/3.12.0/commons-lang3-3.12.0.jar:/Users/hitaishidesai/.m2/repository/io/dropwizard/dropwizard-logging/4.0.0/dropwizard-logging-4.0.0.jar:/Users/hitaishidesai/.m2/repository/io/dropwizard/metrics/metrics-logback/4.2.18/metrics-logback-4.2.18.jar:/Users/hitaishidesai/.m2/repository/org/slf4j/jul-to-slf4j/2.0.7/jul-to-slf4j-2.0.7.jar:/Users/hitaishidesai/.m2/repository/ch/qos/logback/logback-core/1.4.6/logback-core-1.4.6.jar:/Users/hitaishidesai/.m2/repository/com/google/errorprone/error_prone_annotations/2.18.0/error_prone_annotations-2.18.0.jar:/Users/hitaishidesai/.m2/repository/io/dropwizard/logback/logback-throttling-appender/1.1.9/logback-throttling-appender-1.1.9.jar:/Users/hitaishidesai/.m2/repository/org/slf4j/log4j-over-slf4j/2.0.7/log4j-over-slf4j-2.0.7.jar:/Users/hitaishidesai/.m2/repository/org/slf4j/jcl-over-slf4j/2.0.7/jcl-over-slf4j-2.0.7.jar:/Users/hitaishidesai/.m2/repository/io/dropwizard/dropwizard-metrics/4.0.0/dropwizard-metrics-4.0.0.jar:/Users/hitaishidesai/.m2/repository/io/dropwizard/dropwizard-jersey/4.0.0/dropwizard-jersey-4.0.0.jar:/Users/hitaishidesai/.m2/repository/org/glassfish/jersey/ext/jersey-metainf-services/3.0.9/jersey-metainf-services-3.0.9.jar:/Users/hitaishidesai/.m2/repository/org/glassfish/jersey/inject/jersey-hk2/3.0.9/jersey-hk2-3.0.9.jar:/Users/hitaishidesai/.m2/repository/org/glassfish/hk2/hk2-locator/3.0.3/hk2-locator-3.0.3.jar:/Users/hitaishidesai/.m2/repository/org/javassist/javassist/3.29.2-GA/javassist-3.29.2-GA.jar:/Users/hitaishidesai/.m2/repository/io/dropwizard/metrics/metrics-jersey3/4.2.18/metrics-jersey3-4.2.18.jar:/Users/hitaishidesai/.m2/repository/com/fasterxml/jackson/jakarta/rs/jackson-jakarta-rs-json-provider/2.14.2/jackson-jakarta-rs-json-provider-2.14.2.jar:/Users/hitaishidesai/.m2/repository/com/fasterxml/jackson/jakarta/rs/jackson-jakarta-rs-base/2.14.2/jackson-jakarta-rs-base-2.14.2.jar:/Users/hitaishidesai/.m2/repository/com/fasterxml/jackson/module/jackson-module-jakarta-xmlbind-annotations/2.14.2/jackson-module-jakarta-xmlbind-annotations-2.14.2.jar:/Users/hitaishidesai/.m2/repository/jakarta/xml/bind/jakarta.xml.bind-api/3.0.1/jakarta.xml.bind-api-3.0.1.jar:/Users/hitaishidesai/.m2/repository/com/sun/activation/jakarta.activation/2.0.1/jakarta.activation-2.0.1.jar:/Users/hitaishidesai/.m2/repository/jakarta/activation/jakarta.activation-api/2.0.1/jakarta.activation-api-2.0.1.jar:/Users/hitaishidesai/.m2/repository/org/glassfish/hk2/hk2-api/3.0.3/hk2-api-3.0.3.jar:/Users/hitaishidesai/.m2/repository/org/glassfish/hk2/hk2-utils/3.0.3/hk2-utils-3.0.3.jar:/Users/hitaishidesai/.m2/repository/org/glassfish/hk2/external/aopalliance-repackaged/3.0.3/aopalliance-repackaged-3.0.3.jar:/Users/hitaishidesai/.m2/repository/org/glassfish/jersey/containers/jersey-container-servlet/3.0.9/jersey-container-servlet-3.0.9.jar:/Users/hitaishidesai/.m2/repository/org/glassfish/jersey/core/jersey-client/3.0.9/jersey-client-3.0.9.jar:/Users/hitaishidesai/.m2/repository/org/eclipse/jetty/jetty-io/11.0.14/jetty-io-11.0.14.jar:/Users/hitaishidesai/.m2/repository/io/dropwizard/dropwizard-servlets/4.0.0/dropwizard-servlets-4.0.0.jar:/Users/hitaishidesai/.m2/repository/io/dropwizard/dropwizard-jetty/4.0.0/dropwizard-jetty-4.0.0.jar:/Users/hitaishidesai/.m2/repository/org/eclipse/jetty/jetty-servlets/11.0.14/jetty-servlets-11.0.14.jar:/Users/hitaishidesai/.m2/repository/org/eclipse/jetty/jetty-http/11.0.14/jetty-http-11.0.14.jar:/Users/hitaishidesai/.m2/repository/io/dropwizard/dropwizard-lifecycle/4.0.0/dropwizard-lifecycle-4.0.0.jar:/Users/hitaishidesai/.m2/repository/io/dropwizard/dropwizard-health/4.0.0/dropwizard-health-4.0.0.jar:/Users/hitaishidesai/.m2/repository/io/dropwizard/metrics/metrics-core/4.2.18/metrics-core-4.2.18.jar:/Users/hitaishidesai/.m2/repository/io/dropwizard/metrics/metrics-annotation/4.2.18/metrics-annotation-4.2.18.jar:/Users/hitaishidesai/.m2/repository/io/dropwizard/metrics/metrics-jetty11/4.2.18/metrics-jetty11-4.2.18.jar:/Users/hitaishidesai/.m2/repository/io/dropwizard/metrics/metrics-jvm/4.2.18/metrics-jvm-4.2.18.jar:/Users/hitaishidesai/.m2/repository/io/dropwizard/metrics/metrics-jmx/4.2.18/metrics-jmx-4.2.18.jar:/Users/hitaishidesai/.m2/repository/io/dropwizard/metrics/metrics-jakarta-servlets/4.2.18/metrics-jakarta-servlets-4.2.18.jar:/Users/hitaishidesai/.m2/repository/io/dropwizard/metrics/metrics-json/4.2.18/metrics-json-4.2.18.jar:/Users/hitaishidesai/.m2/repository/com/helger/profiler/1.1.1/profiler-1.1.1.jar:/Users/hitaishidesai/.m2/repository/io/dropwizard/metrics/metrics-healthchecks/4.2.18/metrics-healthchecks-4.2.18.jar:/Users/hitaishidesai/.m2/repository/io/dropwizard/dropwizard-request-logging/4.0.0/dropwizard-request-logging-4.0.0.jar:/Users/hitaishidesai/.m2/repository/ch/qos/logback/logback-access/1.4.6/logback-access-1.4.6.jar:/Users/hitaishidesai/.m2/repository/ch/qos/logback/logback-classic/1.4.6/logback-classic-1.4.6.jar:/Users/hitaishidesai/.m2/repository/com/fasterxml/jackson/core/jackson-databind/2.14.2/jackson-databind-2.14.2.jar:/Users/hitaishidesai/.m2/repository/org/checkerframework/checker-qual/3.32.0/checker-qual-3.32.0.jar:/Users/hitaishidesai/.m2/repository/jakarta/servlet/jakarta.servlet-api/5.0.0/jakarta.servlet-api-5.0.0.jar:/Users/hitaishidesai/.m2/repository/jakarta/ws/rs/jakarta.ws.rs-api/3.0.0/jakarta.ws.rs-api-3.0.0.jar:/Users/hitaishidesai/.m2/repository/net/sourceforge/argparse4j/argparse4j/0.9.0/argparse4j-0.9.0.jar:/Users/hitaishidesai/.m2/repository/org/eclipse/jetty/jetty-security/11.0.14/jetty-security-11.0.14.jar:/Users/hitaishidesai/.m2/repository/org/eclipse/jetty/jetty-server/11.0.14/jetty-server-11.0.14.jar:/Users/hitaishidesai/.m2/repository/org/eclipse/jetty/jetty-servlet/11.0.14/jetty-servlet-11.0.14.jar:/Users/hitaishidesai/.m2/repository/org/eclipse/jetty/jetty-util/11.0.14/jetty-util-11.0.14.jar:/Users/hitaishidesai/.m2/repository/org/eclipse/jetty/toolchain/setuid/jetty-setuid-java/1.0.4/jetty-setuid-java-1.0.4.jar:/Users/hitaishidesai/.m2/repository/jakarta/inject/jakarta.inject-api/2.0.1.MR/jakarta.inject-api-2.0.1.MR.jar:/Users/hitaishidesai/.m2/repository/org/glassfish/jersey/core/jersey-common/3.0.9/jersey-common-3.0.9.jar:/Users/hitaishidesai/.m2/repository/org/glassfish/hk2/osgi-resource-locator/1.0.3/osgi-resource-locator-1.0.3.jar:/Users/hitaishidesai/.m2/repository/org/glassfish/jersey/ext/jersey-bean-validation/3.0.9/jersey-bean-validation-3.0.9.jar:/Users/hitaishidesai/.m2/repository/org/slf4j/slf4j-api/2.0.7/slf4j-api-2.0.7.jar:/Users/hitaishidesai/.m2/repository/com/fasterxml/jackson/core/jackson-annotations/2.14.2/jackson-annotations-2.14.2.jar:/Users/hitaishidesai/.m2/repository/jakarta/validation/jakarta.validation-api/3.0.2/jakarta.validation-api-3.0.2.jar:/Users/hitaishidesai/.m2/repository/org/hibernate/validator/hibernate-validator/7.0.5.Final/hibernate-validator-7.0.5.Final.jar:/Users/hitaishidesai/.m2/repository/org/jboss/logging/jboss-logging/3.5.0.Final/jboss-logging-3.5.0.Final.jar:/Users/hitaishidesai/.m2/repository/com/fasterxml/classmate/1.5.1/classmate-1.5.1.jar:/Users/hitaishidesai/.m2/repository/io/dropwizard/dropwizard-jdbi3/4.0.1/dropwizard-jdbi3-4.0.1.jar:/Users/hitaishidesai/.m2/repository/io/dropwizard/dropwizard-db/4.0.0/dropwizard-db-4.0.0.jar:/Users/hitaishidesai/.m2/repository/org/apache/tomcat/tomcat-jdbc/10.1.7/tomcat-jdbc-10.1.7.jar:/Users/hitaishidesai/.m2/repository/org/apache/tomcat/tomcat-juli/10.1.7/tomcat-juli-10.1.7.jar:/Users/hitaishidesai/.m2/repository/org/jdbi/jdbi3-core/3.37.1/jdbi3-core-3.37.1.jar:/Users/hitaishidesai/.m2/repository/io/leangen/geantyref/geantyref/1.3.14/geantyref-1.3.14.jar:/Users/hitaishidesai/.m2/repository/org/jdbi/jdbi3-sqlobject/3.37.1/jdbi3-sqlobject-3.37.1.jar:/Users/hitaishidesai/.m2/repository/org/jdbi/jdbi3-guava/3.37.1/jdbi3-guava-3.37.1.jar:/Users/hitaishidesai/.m2/repository/io/dropwizard/metrics/metrics-jdbi3/4.2.18/metrics-jdbi3-4.2.18.jar:/Users/hitaishidesai/.m2/repository/mysql/mysql-connector-java/8.0.28/mysql-connector-java-8.0.28.jar:/Users/hitaishidesai/.m2/repository/com/google/protobuf/protobuf-java/3.11.4/protobuf-java-3.11.4.jar:/Users/hitaishidesai/.m2/repository/io/github/openfeign/feign-core/12.4/feign-core-12.4.jar:/Users/hitaishidesai/.m2/repository/io/github/openfeign/feign-gson/12.4/feign-gson-12.4.jar:/Users/hitaishidesai/.m2/repository/com/google/code/gson/gson/2.10.1/gson-2.10.1.jar:/Users/hitaishidesai/.m2/repository/io/github/openfeign/feign-okhttp/12.4/feign-okhttp-12.4.jar:/Users/hitaishidesai/.m2/repository/com/squareup/okhttp3/okhttp/4.11.0/okhttp-4.11.0.jar:/Users/hitaishidesai/.m2/repository/com/squareup/okio/okio/3.2.0/okio-3.2.0.jar:/Users/hitaishidesai/.m2/repository/com/squareup/okio/okio-jvm/3.2.0/okio-jvm-3.2.0.jar:/Users/hitaishidesai/.m2/repository/org/jetbrains/kotlin/kotlin-stdlib/1.6.20/kotlin-stdlib-1.6.20.jar:/Users/hitaishidesai/.m2/repository/org/jetbrains/kotlin/kotlin-stdlib-common/1.6.20/kotlin-stdlib-common-1.6.20.jar:/Users/hitaishidesai/.m2/repository/org/jetbrains/annotations/13.0/annotations-13.0.jar:/Users/hitaishidesai/.m2/repository/org/jetbrains/kotlin/kotlin-stdlib-jdk8/1.6.20/kotlin-stdlib-jdk8-1.6.20.jar:/Users/hitaishidesai/.m2/repository/org/jetbrains/kotlin/kotlin-stdlib-jdk7/1.6.20/kotlin-stdlib-jdk7-1.6.20.jar:/Users/hitaishidesai/.m2/repository/io/dropwizard/dropwizard-auth/4.0.0/dropwizard-auth-4.0.0.jar:/Users/hitaishidesai/.m2/repository/io/dropwizard/metrics/metrics-caffeine/4.2.18/metrics-caffeine-4.2.18.jar:/Users/hitaishidesai/.m2/repository/com/github/ben-manes/caffeine/caffeine/3.1.5/caffeine-3.1.5.jar:/Users/hitaishidesai/.m2/repository/jakarta/annotation/jakarta.annotation-api/2.0.0/jakarta.annotation-api-2.0.0.jar:/Users/hitaishidesai/.m2/repository/org/glassfish/jersey/containers/jersey-container-servlet-core/3.0.9/jersey-container-servlet-core-3.0.9.jar:/Users/hitaishidesai/.m2/repository/org/glassfish/jersey/core/jersey-server/3.0.9/jersey-server-3.0.9.jar:/Users/hitaishidesai/.m2/repository/com/google/inject/guice/7.0.0/guice-7.0.0.jar:/Users/hitaishidesai/.m2/repository/aopalliance/aopalliance/1.0/aopalliance-1.0.jar:/Users/hitaishidesai/.m2/repository/com/google/guava/guava/31.1-jre/guava-31.1-jre.jar:/Users/hitaishidesai/.m2/repository/com/google/guava/failureaccess/1.0.1/failureaccess-1.0.1.jar:/Users/hitaishidesai/.m2/repository/com/google/guava/listenablefuture/9999.0-empty-to-avoid-conflict-with-guava/listenablefuture-9999.0-empty-to-avoid-conflict-with-guava.jar:/Users/hitaishidesai/.m2/repository/com/google/j2objc/j2objc-annotations/1.3/j2objc-annotations-1.3.jar:/Users/hitaishidesai/.m2/repository/com/h2database/h2/2.2.220/h2-2.2.220.jar:/Users/hitaishidesai/.m2/repository/junit/junit/4.13.2/junit-4.13.2.jar:/Users/hitaishidesai/.m2/repository/org/hamcrest/hamcrest-core/1.3/hamcrest-core-1.3.jar:/Users/hitaishidesai/.m2/repository/org/mockito/mockito-core/5.4.0/mockito-core-5.4.0.jar:/Users/hitaishidesai/.m2/repository/net/bytebuddy/byte-buddy/1.14.3/byte-buddy-1.14.3.jar:/Users/hitaishidesai/.m2/repository/net/bytebuddy/byte-buddy-agent/1.14.5/byte-buddy-agent-1.14.5.jar:/Users/hitaishidesai/.m2/repository/org/objenesis/objenesis/3.3/objenesis-3.3.jar:"/>
    <property name="sun.cpu.endian" value="little"/>
    <property name="user.home" value="/Users/hitaishidesai"/>
    <property name="user.language" value="en"/>
    <property name="java.specification.vendor" value="Oracle Corporation"/>
    <property name="java.version.date" value="2023-04-18"/>
    <property name="java.home" value="/Library/Java/JavaVirtualMachines/jdk-17.jdk/Contents/Home"/>
    <property name="file.separator" value="/"/>
    <property name="basedir" value="/Users/hitaishidesai/BlogPostAssignmentWeek4New/BlogPostAssignment"/>
    <property name="java.vm.compressedOopsMode" value="Zero based"/>
    <property name="line.separator" value="&#10;"/>
    <property name="java.specification.name" value="Java Platform API Specification"/>
    <property name="java.vm.specification.vendor" value="Oracle Corporation"/>
    <property name="surefire.real.class.path" value="/Users/hitaishidesai/BlogPostAssignmentWeek4New/BlogPostAssignment/target/surefire/surefirebooter-20230809141116770_3.jar"/>
    <property name="sun.management.compiler" value="HotSpot 64-Bit Tiered Compilers"/>
    <property name="ftp.nonProxyHosts" value="local|*.local|169.254/16|*.169.254/16"/>
    <property name="java.runtime.version" value="17.0.7+8-LTS-224"/>
    <property name="user.name" value="hitaishidesai"/>
    <property name="path.separator" value=":"/>
    <property name="os.version" value="13.5"/>
    <property name="java.runtime.name" value="Java(TM) SE Runtime Environment"/>
    <property name="file.encoding" value="UTF-8"/>
    <property name="java.vm.name" value="Java HotSpot(TM) 64-Bit Server VM"/>
    <property name="localRepository" value="/Users/hitaishidesai/.m2/repository"/>
    <property name="java.vendor.url.bug" value="https://bugreport.java.com/bugreport/"/>
    <property name="java.io.tmpdir" value="/var/folders/m_/szhc3v0n30z07j0rbxwkjqs00000gp/T/"/>
    <property name="java.version" value="17.0.7"/>
    <property name="user.dir" value="/Users/hitaishidesai/BlogPostAssignmentWeek4New/BlogPostAssignment"/>
    <property name="os.arch" value="aarch64"/>
    <property name="java.vm.specification.name" value="Java Virtual Machine Specification"/>
    <property name="native.encoding" value="UTF-8"/>
    <property name="java.library.path" value="/Users/hitaishidesai/Library/Java/Extensions:/Library/Java/Extensions:/Network/Library/Java/Extensions:/System/Library/Java/Extensions:/usr/lib/java:."/>
    <property name="java.vm.info" value="mixed mode, sharing"/>
    <property name="java.vendor" value="Oracle Corporation"/>
    <property name="java.vm.version" value="17.0.7+8-LTS-224"/>
    <property name="sun.io.unicode.encoding" value="UnicodeBig"/>
    <property name="socksNonProxyHosts" value="local|*.local|169.254/16|*.169.254/16"/>
    <property name="java.class.version" value="61.0"/>
  </properties>
  <testcase name="searchBlogPosts" classname="BlogPostAssignment.db.BlogPostDaoTest" time="0.239"/>
  <testcase name="getAllBlogPosts" classname="BlogPostAssignment.db.BlogPostDaoTest" time="0.01"/>
  <testcase name="getBlogPostById" classname="BlogPostAssignment.db.BlogPostDaoTest" time="0.01"/>
  <testcase name="createBlogPost" classname="BlogPostAssignment.db.BlogPostDaoTest" time="0.008"/>
  <testcase name="updateBlogPostContent" classname="BlogPostAssignment.db.BlogPostDaoTest" time="0.009"/>
  <testcase name="updateBlogPostTitle" classname="BlogPostAssignment.db.BlogPostDaoTest" time="0.009"/>
  <testcase name="deleteBlogPost" classname="BlogPostAssignment.db.BlogPostDaoTest" time="0.008"/>
</testsuite>